<?xml version="1.0" encoding="UTF-8"?>
<testsuite errors="0" failures="0" file="utils_tests.py" name="utils_tests.TestIsValid-20200910104406" skipped="0" tests="10" time="0.048" timestamp="2020-09-10T10:44:06">
	<testcase classname="utils_tests.TestIsValid" name="test_card_number_empty_string" time="0.009" timestamp="2020-09-10T10:44:06"/>
	<testcase classname="utils_tests.TestIsValid" name="test_card_number_length_at_maximum" time="0.005" timestamp="2020-09-10T10:44:06"/>
	<testcase classname="utils_tests.TestIsValid" name="test_card_number_length_at_minimum" time="0.002" timestamp="2020-09-10T10:44:06"/>
	<testcase classname="utils_tests.TestIsValid" name="test_card_number_length_between_minimum_and_maximum" time="0.004" timestamp="2020-09-10T10:44:06"/>
	<testcase classname="utils_tests.TestIsValid" name="test_card_number_length_one_above_maximum" time="0.008" timestamp="2020-09-10T10:44:06"/>
	<testcase classname="utils_tests.TestIsValid" name="test_card_number_length_one_above_minimum" time="0.002" timestamp="2020-09-10T10:44:06"/>
	<testcase classname="utils_tests.TestIsValid" name="test_card_number_length_one_below_maximum" time="0.004" timestamp="2020-09-10T10:44:06"/>
	<testcase classname="utils_tests.TestIsValid" name="test_card_number_length_one_below_minimum" time="0.009" timestamp="2020-09-10T10:44:06"/>
	<testcase classname="utils_tests.TestIsValid" name="test_card_number_length_well_above_maximum" time="0.003" timestamp="2020-09-10T10:44:06"/>
	<testcase classname="utils_tests.TestIsValid" name="test_card_number_length_well_below_minimum" time="0.002" timestamp="2020-09-10T10:44:06"/>
</testsuite>
