<?xml version="1.0" encoding="UTF-8"?>
<testsuite errors="0" failures="0" file="utils_tests.py" name="utils_tests.TestIsValid-20200909142951" skipped="0" tests="10" time="0.020" timestamp="2020-09-09T14:29:52">
	<testcase classname="utils_tests.TestIsValid" name="test_card_number_empty_string" time="0.003" timestamp="2020-09-09T14:29:51"/>
	<testcase classname="utils_tests.TestIsValid" name="test_card_number_length_at_maximum" time="0.002" timestamp="2020-09-09T14:29:51"/>
	<testcase classname="utils_tests.TestIsValid" name="test_card_number_length_at_minimum" time="0.002" timestamp="2020-09-09T14:29:51"/>
	<testcase classname="utils_tests.TestIsValid" name="test_card_number_length_between_minimum_and_maximum" time="0.002" timestamp="2020-09-09T14:29:52"/>
	<testcase classname="utils_tests.TestIsValid" name="test_card_number_length_one_above_maximum" time="0.002" timestamp="2020-09-09T14:29:52"/>
	<testcase classname="utils_tests.TestIsValid" name="test_card_number_length_one_above_minimum" time="0.002" timestamp="2020-09-09T14:29:52"/>
	<testcase classname="utils_tests.TestIsValid" name="test_card_number_length_one_below_maximum" time="0.002" timestamp="2020-09-09T14:29:52"/>
	<testcase classname="utils_tests.TestIsValid" name="test_card_number_length_one_below_minimum" time="0.002" timestamp="2020-09-09T14:29:52"/>
	<testcase classname="utils_tests.TestIsValid" name="test_card_number_length_well_above_maximum" time="0.002" timestamp="2020-09-09T14:29:52"/>
	<testcase classname="utils_tests.TestIsValid" name="test_card_number_length_well_below_minimum" time="0.002" timestamp="2020-09-09T14:29:52"/>
</testsuite>
