<?xml version="1.0" encoding="UTF-8"?>
<testsuite errors="0" failures="0" file="utils_tests.py" name="utils_tests.TestIsValid-20200909121207" skipped="0" tests="2" time="0.003" timestamp="2020-09-09T12:12:08">
	<testcase classname="utils_tests.TestIsValid" name="test_card_number_length_one_below_minimum" time="0.001" timestamp="2020-09-09T12:12:08"/>
	<testcase classname="utils_tests.TestIsValid" name="test_card_number_length_well_below_minimum" time="0.001" timestamp="2020-09-09T12:12:08"/>
</testsuite>
